<?xml version="1.0" encoding="UTF-8"?>
<!-- Generated by org.testng.reporters.JUnitReportReporter -->
<testsuite hostname="LAPTOP-HKVMFN8B" failures="0" tests="1" name="Practice.AddToCartTest" time="0.006" errors="0" timestamp="2022-09-15T19:29:29 IST" skipped="0">
  <testcase classname="Practice.AddToCartTest" name="addToCartTest" time="0.006"/>
  <system-out/>
</testsuite> <!-- Practice.AddToCartTest -->
